# JRE version: OpenJDK Runtime Environment Temurin-21.0.10+7 (21.0.10+7) (build 21.0.10+7-LTS)
# Java VM: OpenJDK 64-Bit Server VM Temurin-21.0.10+7 (21.0.10+7-LTS, mixed mode, sharing, tiered, compressed oops, compressed class ptrs, parallel gc, windows-amd64)
GC Precious Log:
 CardTable entry size: 512
 CPUs: 20 total, 20 available
 Memory: 16070M
 Large Page Support: Disabled
 NUMA Support: Disabled
 Compressed Oops: Enabled (32-bit)
 Alignments: Space 512K, Generation 512K, Heap 2M
 Heap Min Capacity: 100M
 Heap Initial Capacity: 100M
 Heap Max Capacity: 2G
 Pre-touch: Disabled
 Parallel Workers: 15
Heap:
 PSYoungGen      total 16384K, used 2030K [0x00000000d5580000, 0x00000000d6700000, 0x0000000100000000)
  eden space 15360K, 9% used [0x00000000d5580000,0x00000000d56fbb50,0x00000000d6480000)
  from space 1024K, 50% used [0x00000000d6500000,0x00000000d6580000,0x00000000d6600000)
  to   space 1024K, 0% used [0x00000000d6600000,0x00000000d6600000,0x00000000d6700000)
 ParOldGen       total 957952K, used 605655K [0x0000000080000000, 0x00000000ba780000, 0x00000000d5580000)
  object space 957952K, 63% used [0x0000000080000000,0x00000000a4f75cd0,0x00000000ba780000)
 Metaspace       used 105287K, committed 107392K, reserved 1179648K
  class space    used 11848K, committed 12864K, reserved 1048576K
GC Heap History (20 events):
Event: 3346.607 GC heap before
{Heap before GC invocations=2752 (full 6):
 PSYoungGen      total 16896K, used 15637K [0x00000000d5580000, 0x00000000d6800000, 0x0000000100000000)
  eden space 15360K, 100% used [0x00000000d5580000,0x00000000d6480000,0x00000000d6480000)
  from space 1536K, 18% used [0x00000000d6580000,0x00000000d65c54b8,0x00000000d6700000)
  to   space 1024K, 0% used [0x00000000d6700000,0x00000000d6700000,0x00000000d6800000)
 ParOldGen       total 957952K, used 601301K [0x0000000080000000, 0x00000000ba780000, 0x00000000d5580000)
  object space 957952K, 62% used [0x0000000080000000,0x00000000a4b35610,0x00000000ba780000)
 Metaspace       used 102232K, committed 104256K, reserved 1179648K
  class space    used 11494K, committed 12480K, reserved 1048576K
}
Event: 3346.609 GC heap after
{Heap after GC invocations=2752 (full 6):
 PSYoungGen      total 16384K, used 1020K [0x00000000d5580000, 0x00000000d6880000, 0x0000000100000000)
  eden space 15360K, 0% used [0x00000000d5580000,0x00000000d5580000,0x00000000d6480000)
  from space 1024K, 99% used [0x00000000d6700000,0x00000000d67ff2e0,0x00000000d6800000)
  to   space 2048K, 0% used [0x00000000d6480000,0x00000000d6480000,0x00000000d6680000)
 ParOldGen       total 957952K, used 601636K [0x0000000080000000, 0x00000000ba780000, 0x00000000d5580000)
  object space 957952K, 62% used [0x0000000080000000,0x00000000a4b892c8,0x00000000ba780000)
 Metaspace       used 102232K, committed 104256K, reserved 1179648K
  class space    used 11494K, committed 12480K, reserved 1048576K
}
Event: 3346.636 GC heap before
{Heap before GC invocations=2753 (full 6):
 PSYoungGen      total 16384K, used 16380K [0x00000000d5580000, 0x00000000d6880000, 0x0000000100000000)
  eden space 15360K, 100% used [0x00000000d5580000,0x00000000d6480000,0x00000000d6480000)
  from space 1024K, 99% used [0x00000000d6700000,0x00000000d67ff2e0,0x00000000d6800000)
  to   space 2048K, 0% used [0x00000000d6480000,0x00000000d6480000,0x00000000d6680000)
 ParOldGen       total 957952K, used 601636K [0x0000000080000000, 0x00000000ba780000, 0x00000000d5580000)
  object space 957952K, 62% used [0x0000000080000000,0x00000000a4b892c8,0x00000000ba780000)
 Metaspace       used 102232K, committed 104256K, reserved 1179648K
  class space    used 11494K, committed 12480K, reserved 1048576K
}
Event: 3346.641 GC heap after
{Heap after GC invocations=2753 (full 6):
 PSYoungGen      total 17408K, used 469K [0x00000000d5580000, 0x00000000d6780000, 0x0000000100000000)
  eden space 15360K, 0% used [0x00000000d5580000,0x00000000d5580000,0x00000000d6480000)
  from space 2048K, 22% used [0x00000000d6480000,0x00000000d64f56b8,0x00000000d6680000)
  to   space 1024K, 0% used [0x00000000d6680000,0x00000000d6680000,0x00000000d6780000)
 ParOldGen       total 957952K, used 601756K [0x0000000080000000, 0x00000000ba780000, 0x00000000d5580000)
  object space 957952K, 62% used [0x0000000080000000,0x00000000a4ba72c8,0x00000000ba780000)
 Metaspace       used 102232K, committed 104256K, reserved 1179648K
  class space    used 11494K, committed 12480K, reserved 1048576K
}
Event: 3346.666 GC heap before
{Heap before GC invocations=2754 (full 6):
 PSYoungGen      total 17408K, used 15829K [0x00000000d5580000, 0x00000000d6780000, 0x0000000100000000)
  eden space 15360K, 100% used [0x00000000d5580000,0x00000000d6480000,0x00000000d6480000)
  from space 2048K, 22% used [0x00000000d6480000,0x00000000d64f56b8,0x00000000d6680000)
  to   space 1024K, 0% used [0x00000000d6680000,0x00000000d6680000,0x00000000d6780000)
 ParOldGen       total 957952K, used 601756K [0x0000000080000000, 0x00000000ba780000, 0x00000000d5580000)
  object space 957952K, 62% used [0x0000000080000000,0x00000000a4ba72c8,0x00000000ba780000)
 Metaspace       used 102232K, committed 104256K, reserved 1179648K
  class space    used 11494K, committed 12480K, reserved 1048576K
}
Event: 3346.668 GC heap after
{Heap after GC invocations=2754 (full 6):
 PSYoungGen      total 16384K, used 1008K [0x00000000d5580000, 0x00000000d6780000, 0x0000000100000000)
  eden space 15360K, 0% used [0x00000000d5580000,0x00000000d5580000,0x00000000d6480000)
  from space 1024K, 98% used [0x00000000d6680000,0x00000000d677c190,0x00000000d6780000)
  to   space 1536K, 0% used [0x00000000d6480000,0x00000000d6480000,0x00000000d6600000)
 ParOldGen       total 957952K, used 602092K [0x0000000080000000, 0x00000000ba780000, 0x00000000d5580000)
  object space 957952K, 62% used [0x0000000080000000,0x00000000a4bfb360,0x00000000ba780000)
 Metaspace       used 102232K, committed 104256K, reserved 1179648K
  class space    used 11494K, committed 12480K, reserved 1048576K
}
Event: 3346.695 GC heap before
{Heap before GC invocations=2755 (full 6):
 PSYoungGen      total 16384K, used 16368K [0x00000000d5580000, 0x00000000d6780000, 0x0000000100000000)
  eden space 15360K, 100% used [0x00000000d5580000,0x00000000d6480000,0x00000000d6480000)
  from space 1024K, 98% used [0x00000000d6680000,0x00000000d677c190,0x00000000d6780000)
  to   space 1536K, 0% used [0x00000000d6480000,0x00000000d6480000,0x00000000d6600000)
 ParOldGen       total 957952K, used 602092K [0x0000000080000000, 0x00000000ba780000, 0x00000000d5580000)
  object space 957952K, 62% used [0x0000000080000000,0x00000000a4bfb360,0x00000000ba780000)
 Metaspace       used 102232K, committed 104256K, reserved 1179648K
  class space    used 11494K, committed 12480K, reserved 1048576K
}
Event: 3346.697 GC heap after
{Heap after GC invocations=2755 (full 6):
 PSYoungGen      total 16896K, used 1010K [0x00000000d5580000, 0x00000000d6780000, 0x0000000100000000)
  eden space 15360K, 0% used [0x00000000d5580000,0x00000000d5580000,0x00000000d6480000)
  from space 1536K, 65% used [0x00000000d6480000,0x00000000d657cb70,0x00000000d6600000)
  to   space 1536K, 0% used [0x00000000d6600000,0x00000000d6600000,0x00000000d6780000)
 ParOldGen       total 957952K, used 602220K [0x0000000080000000, 0x00000000ba780000, 0x00000000d5580000)
  object space 957952K, 62% used [0x0000000080000000,0x00000000a4c1b370,0x00000000ba780000)
 Metaspace       used 102232K, committed 104256K, reserved 1179648K
  class space    used 11494K, committed 12480K, reserved 1048576K
}
Event: 3346.723 GC heap before
{Heap before GC invocations=2756 (full 6):
 PSYoungGen      total 16896K, used 16370K [0x00000000d5580000, 0x00000000d6780000, 0x0000000100000000)
  eden space 15360K, 100% used [0x00000000d5580000,0x00000000d6480000,0x00000000d6480000)
  from space 1536K, 65% used [0x00000000d6480000,0x00000000d657cb70,0x00000000d6600000)
  to   space 1536K, 0% used [0x00000000d6600000,0x00000000d6600000,0x00000000d6780000)
 ParOldGen       total 957952K, used 602220K [0x0000000080000000, 0x00000000ba780000, 0x00000000d5580000)
  object space 957952K, 62% used [0x0000000080000000,0x00000000a4c1b370,0x00000000ba780000)
 Metaspace       used 102232K, committed 104256K, reserved 1179648K
  class space    used 11494K, committed 12480K, reserved 1048576K
}
Event: 3346.724 GC heap after
{Heap after GC invocations=2756 (full 6):
 PSYoungGen      total 15872K, used 241K [0x00000000d5580000, 0x00000000d6680000, 0x0000000100000000)
  eden space 15360K, 0% used [0x00000000d5580000,0x00000000d5580000,0x00000000d6480000)
  from space 512K, 47% used [0x00000000d6600000,0x00000000d663c640,0x00000000d6680000)
  to   space 1024K, 0% used [0x00000000d6480000,0x00000000d6480000,0x00000000d6580000)
 ParOldGen       total 957952K, used 602438K [0x0000000080000000, 0x00000000ba780000, 0x00000000d5580000)
  object space 957952K, 62% used [0x0000000080000000,0x00000000a4c51898,0x00000000ba780000)
 Metaspace       used 102232K, committed 104256K, reserved 1179648K
  class space    used 11494K, committed 12480K, reserved 1048576K
}
Event: 3348.356 GC heap before
{Heap before GC invocations=2757 (full 6):
 PSYoungGen      total 15872K, used 15601K [0x00000000d5580000, 0x00000000d6680000, 0x0000000100000000)
  eden space 15360K, 100% used [0x00000000d5580000,0x00000000d6480000,0x00000000d6480000)
  from space 512K, 47% used [0x00000000d6600000,0x00000000d663c640,0x00000000d6680000)
  to   space 1024K, 0% used [0x00000000d6480000,0x00000000d6480000,0x00000000d6580000)
 ParOldGen       total 957952K, used 602438K [0x0000000080000000, 0x00000000ba780000, 0x00000000d5580000)
  object space 957952K, 62% used [0x0000000080000000,0x00000000a4c51898,0x00000000ba780000)
 Metaspace       used 103253K, committed 105344K, reserved 1179648K
  class space    used 11639K, committed 12672K, reserved 1048576K
}
Event: 3348.585 GC heap after
{Heap after GC invocations=2757 (full 6):
 PSYoungGen      total 16384K, used 992K [0x00000000d5580000, 0x00000000d6980000, 0x0000000100000000)
  eden space 15360K, 0% used [0x00000000d5580000,0x00000000d5580000,0x00000000d6480000)
  from space 1024K, 96% used [0x00000000d6480000,0x00000000d6578010,0x00000000d6580000)
  to   space 2560K, 0% used [0x00000000d6700000,0x00000000d6700000,0x00000000d6980000)
 ParOldGen       total 957952K, used 603355K [0x0000000080000000, 0x00000000ba780000, 0x00000000d5580000)
  object space 957952K, 62% used [0x0000000080000000,0x00000000a4d36db8,0x00000000ba780000)
 Metaspace       used 103253K, committed 105344K, reserved 1179648K
  class space    used 11639K, committed 12672K, reserved 1048576K
}
Event: 3351.064 GC heap before
{Heap before GC invocations=2758 (full 6):
 PSYoungGen      total 16384K, used 16352K [0x00000000d5580000, 0x00000000d6980000, 0x0000000100000000)
  eden space 15360K, 100% used [0x00000000d5580000,0x00000000d6480000,0x00000000d6480000)
  from space 1024K, 96% used [0x00000000d6480000,0x00000000d6578010,0x00000000d6580000)
  to   space 2560K, 0% used [0x00000000d6700000,0x00000000d6700000,0x00000000d6980000)
 ParOldGen       total 957952K, used 603355K [0x0000000080000000, 0x00000000ba780000, 0x00000000d5580000)
  object space 957952K, 62% used [0x0000000080000000,0x00000000a4d36db8,0x00000000ba780000)
 Metaspace       used 104193K, committed 106240K, reserved 1179648K
  class space    used 11750K, committed 12736K, reserved 1048576K
}
Event: 3351.067 GC heap after
{Heap after GC invocations=2758 (full 6):
 PSYoungGen      total 16384K, used 999K [0x00000000d5580000, 0x00000000d6800000, 0x0000000100000000)
  eden space 15360K, 0% used [0x00000000d5580000,0x00000000d5580000,0x00000000d6480000)
  from space 1024K, 97% used [0x00000000d6700000,0x00000000d67f9dd0,0x00000000d6800000)
  to   space 1536K, 0% used [0x00000000d6500000,0x00000000d6500000,0x00000000d6680000)
 ParOldGen       total 957952K, used 604267K [0x0000000080000000, 0x00000000ba780000, 0x00000000d5580000)
  object space 957952K, 63% used [0x0000000080000000,0x00000000a4e1add8,0x00000000ba780000)
 Metaspace       used 104193K, committed 106240K, reserved 1179648K
  class space    used 11750K, committed 12736K, reserved 1048576K
}
Event: 3371.063 GC heap before
{Heap before GC invocations=2759 (full 6):
 PSYoungGen      total 16384K, used 16359K [0x00000000d5580000, 0x00000000d6800000, 0x0000000100000000)
  eden space 15360K, 100% used [0x00000000d5580000,0x00000000d6480000,0x00000000d6480000)
  from space 1024K, 97% used [0x00000000d6700000,0x00000000d67f9dd0,0x00000000d6800000)
  to   space 1536K, 0% used [0x00000000d6500000,0x00000000d6500000,0x00000000d6680000)
 ParOldGen       total 957952K, used 604267K [0x0000000080000000, 0x00000000ba780000, 0x00000000d5580000)
  object space 957952K, 63% used [0x0000000080000000,0x00000000a4e1add8,0x00000000ba780000)
 Metaspace       used 104505K, committed 106624K, reserved 1179648K
  class space    used 11779K, committed 12800K, reserved 1048576K
}
Event: 3371.067 GC heap after
{Heap after GC invocations=2759 (full 6):
 PSYoungGen      total 16896K, used 672K [0x00000000d5580000, 0x00000000d6780000, 0x0000000100000000)
  eden space 15360K, 0% used [0x00000000d5580000,0x00000000d5580000,0x00000000d6480000)
  from space 1536K, 43% used [0x00000000d6500000,0x00000000d65a8000,0x00000000d6680000)
  to   space 1024K, 0% used [0x00000000d6680000,0x00000000d6680000,0x00000000d6780000)
 ParOldGen       total 957952K, used 605047K [0x0000000080000000, 0x00000000ba780000, 0x00000000d5580000)
  object space 957952K, 63% used [0x0000000080000000,0x00000000a4eddcd0,0x00000000ba780000)
 Metaspace       used 104505K, committed 106624K, reserved 1179648K
  class space    used 11779K, committed 12800K, reserved 1048576K
}
Event: 3390.067 GC heap before
{Heap before GC invocations=2760 (full 6):
 PSYoungGen      total 16896K, used 16001K [0x00000000d5580000, 0x00000000d6780000, 0x0000000100000000)
  eden space 15360K, 99% used [0x00000000d5580000,0x00000000d64785e0,0x00000000d6480000)
  from space 1536K, 43% used [0x00000000d6500000,0x00000000d65a8000,0x00000000d6680000)
  to   space 1024K, 0% used [0x00000000d6680000,0x00000000d6680000,0x00000000d6780000)
 ParOldGen       total 957952K, used 605047K [0x0000000080000000, 0x00000000ba780000, 0x00000000d5580000)
  object space 957952K, 63% used [0x0000000080000000,0x00000000a4eddcd0,0x00000000ba780000)
 Metaspace       used 104775K, committed 106944K, reserved 1179648K
  class space    used 11798K, committed 12864K, reserved 1048576K
}
Event: 3390.069 GC heap after
{Heap after GC invocations=2760 (full 6):
 PSYoungGen      total 15872K, used 512K [0x00000000d5580000, 0x00000000d6700000, 0x0000000100000000)
  eden space 15360K, 0% used [0x00000000d5580000,0x00000000d5580000,0x00000000d6480000)
  from space 512K, 100% used [0x00000000d6680000,0x00000000d6700000,0x00000000d6700000)
  to   space 1024K, 0% used [0x00000000d6500000,0x00000000d6500000,0x00000000d6600000)
 ParOldGen       total 957952K, used 605479K [0x0000000080000000, 0x00000000ba780000, 0x00000000d5580000)
  object space 957952K, 63% used [0x0000000080000000,0x00000000a4f49cd0,0x00000000ba780000)
 Metaspace       used 104775K, committed 106944K, reserved 1179648K
  class space    used 11798K, committed 12864K, reserved 1048576K
}
Event: 57003.718 GC heap before
{Heap before GC invocations=2761 (full 6):
 PSYoungGen      total 15872K, used 15872K [0x00000000d5580000, 0x00000000d6700000, 0x0000000100000000)
  eden space 15360K, 100% used [0x00000000d5580000,0x00000000d6480000,0x00000000d6480000)
  from space 512K, 100% used [0x00000000d6680000,0x00000000d6700000,0x00000000d6700000)
  to   space 1024K, 0% used [0x00000000d6500000,0x00000000d6500000,0x00000000d6600000)
 ParOldGen       total 957952K, used 605479K [0x0000000080000000, 0x00000000ba780000, 0x00000000d5580000)
  object space 957952K, 63% used [0x0000000080000000,0x00000000a4f49cd0,0x00000000ba780000)
 Metaspace       used 105274K, committed 107392K, reserved 1179648K
  class space    used 11847K, committed 12864K, reserved 1048576K
}
Event: 57003.930 GC heap after
{Heap after GC invocations=2761 (full 6):
 PSYoungGen      total 16384K, used 512K [0x00000000d5580000, 0x00000000d6700000, 0x0000000100000000)
  eden space 15360K, 0% used [0x00000000d5580000,0x00000000d5580000,0x00000000d6480000)
  from space 1024K, 50% used [0x00000000d6500000,0x00000000d6580000,0x00000000d6600000)
  to   space 1024K, 0% used [0x00000000d6600000,0x00000000d6600000,0x00000000d6700000)
 ParOldGen       total 957952K, used 605655K [0x0000000080000000, 0x00000000ba780000, 0x00000000d5580000)
  object space 957952K, 63% used [0x0000000080000000,0x00000000a4f75cd0,0x00000000ba780000)
 Metaspace       used 105274K, committed 107392K, reserved 1179648K
  class space    used 11847K, committed 12864K, reserved 1048576K
}

